0    [AWT-EventQueue-0] INFO  ca.sqlpower.architect.ArchitectUtils  - Log4J configured successfully
547  [AWT-EventQueue-0] INFO  ca.sqlpower.sql.PlDotIni  - Beginning to read/merge new pl.ini data
625  [AWT-EventQueue-0] INFO  ca.sqlpower.sql.PlDotIni  - Finished reading file.
688  [AWT-EventQueue-0] INFO  ca.sqlpower.sql.PlDotIni  - Beginning to read/merge new pl.ini data
735  [AWT-EventQueue-0] INFO  ca.sqlpower.sql.PlDotIni  - Finished reading file.
2969 [AWT-EventQueue-0] INFO  ca.sqlpower.sqlobject.SQLRelationship  - Setting parent of null to Exported Keys folder of ps_category
2969 [AWT-EventQueue-0] INFO  ca.sqlpower.sqlobject.SQLRelationship  - Setting parent of null to Imported Keys folder of ps_product
2969 [AWT-EventQueue-0] INFO  ca.sqlpower.sqlobject.SQLRelationship  - Setting parent of null to Exported Keys folder of ps_product
2969 [AWT-EventQueue-0] INFO  ca.sqlpower.sqlobject.SQLRelationship  - Setting parent of null to Imported Keys folder of ps_item
2969 [AWT-EventQueue-0] INFO  ca.sqlpower.sqlobject.SQLRelationship  - Setting parent of null to Exported Keys folder of ps_item
2969 [AWT-EventQueue-0] INFO  ca.sqlpower.sqlobject.SQLRelationship  - Setting parent of null to Imported Keys folder of ps_lineitem
2969 [AWT-EventQueue-0] INFO  ca.sqlpower.sqlobject.SQLRelationship  - Setting parent of null to Exported Keys folder of ps_supplier
2969 [AWT-EventQueue-0] INFO  ca.sqlpower.sqlobject.SQLRelationship  - Setting parent of null to Imported Keys folder of ps_item
2969 [AWT-EventQueue-0] INFO  ca.sqlpower.sqlobject.SQLRelationship  - Setting parent of null to Exported Keys folder of ps_qna
2969 [AWT-EventQueue-0] INFO  ca.sqlpower.sqlobject.SQLRelationship  - Setting parent of null to Imported Keys folder of ps_qna
2969 [AWT-EventQueue-0] INFO  ca.sqlpower.sqlobject.SQLRelationship  - Setting parent of null to Exported Keys folder of ps_qna
2969 [AWT-EventQueue-0] INFO  ca.sqlpower.sqlobject.SQLRelationship  - Setting parent of null to Imported Keys folder of ps_qna_file
2969 [AWT-EventQueue-0] INFO  ca.sqlpower.sqlobject.SQLRelationship  - Setting parent of null to Exported Keys folder of ps_menu
2969 [AWT-EventQueue-0] INFO  ca.sqlpower.sqlobject.SQLRelationship  - Setting parent of null to Imported Keys folder of ps_menu
2985 [AWT-EventQueue-0] INFO  ca.sqlpower.sqlobject.SQLRelationship  - Setting parent of null to Exported Keys folder of ps_menu
2985 [AWT-EventQueue-0] INFO  ca.sqlpower.sqlobject.SQLRelationship  - Setting parent of null to Imported Keys folder of ps_role_menu_map
2985 [AWT-EventQueue-0] INFO  ca.sqlpower.sqlobject.SQLRelationship  - Setting parent of null to Exported Keys folder of ps_user
2985 [AWT-EventQueue-0] INFO  ca.sqlpower.sqlobject.SQLRelationship  - Setting parent of null to Imported Keys folder of ps_qna
2985 [AWT-EventQueue-0] INFO  ca.sqlpower.sqlobject.SQLRelationship  - Setting parent of null to Exported Keys folder of ps_user
2985 [AWT-EventQueue-0] INFO  ca.sqlpower.sqlobject.SQLRelationship  - Setting parent of null to Imported Keys folder of ps_account
2985 [AWT-EventQueue-0] INFO  ca.sqlpower.sqlobject.SQLRelationship  - Setting parent of null to Exported Keys folder of ps_account
2985 [AWT-EventQueue-0] INFO  ca.sqlpower.sqlobject.SQLRelationship  - Setting parent of null to Imported Keys folder of ps_order
2985 [AWT-EventQueue-0] INFO  ca.sqlpower.sqlobject.SQLRelationship  - Setting parent of null to Exported Keys folder of ps_order
2985 [AWT-EventQueue-0] INFO  ca.sqlpower.sqlobject.SQLRelationship  - Setting parent of null to Imported Keys folder of ps_lineitem
2985 [AWT-EventQueue-0] INFO  ca.sqlpower.sqlobject.SQLRelationship  - Setting parent of null to Exported Keys folder of ps_order
2985 [AWT-EventQueue-0] INFO  ca.sqlpower.sqlobject.SQLRelationship  - Setting parent of null to Imported Keys folder of ps_delivery
2985 [AWT-EventQueue-0] INFO  ca.sqlpower.sqlobject.SQLRelationship  - Setting parent of null to Exported Keys folder of ps_role
2985 [AWT-EventQueue-0] INFO  ca.sqlpower.sqlobject.SQLRelationship  - Setting parent of null to Imported Keys folder of ps_user
2985 [AWT-EventQueue-0] INFO  ca.sqlpower.sqlobject.SQLRelationship  - Setting parent of null to Exported Keys folder of ps_role
2985 [AWT-EventQueue-0] INFO  ca.sqlpower.sqlobject.SQLRelationship  - Setting parent of null to Imported Keys folder of ps_role_menu_map
2985 [AWT-EventQueue-0] INFO  ca.sqlpower.sqlobject.SQLRelationship  - Setting parent of null to Exported Keys folder of ps_file
2985 [AWT-EventQueue-0] INFO  ca.sqlpower.sqlobject.SQLRelationship  - Setting parent of null to Imported Keys folder of ps_qna_file
2985 [AWT-EventQueue-0] INFO  ca.sqlpower.sqlobject.SQLRelationship  - Setting parent of null to Exported Keys folder of ps_employee
2985 [AWT-EventQueue-0] INFO  ca.sqlpower.sqlobject.SQLRelationship  - Setting parent of null to Imported Keys folder of ps_employee_family_member
2985 [AWT-EventQueue-0] INFO  ca.sqlpower.sqlobject.SQLRelationship  - Setting parent of null to Exported Keys folder of ps_employee
2985 [AWT-EventQueue-0] INFO  ca.sqlpower.sqlobject.SQLRelationship  - Setting parent of null to Imported Keys folder of ps_employee_work_career
2985 [AWT-EventQueue-0] INFO  ca.sqlpower.sqlobject.SQLRelationship  - Setting parent of null to Exported Keys folder of ps_employee
2985 [AWT-EventQueue-0] INFO  ca.sqlpower.sqlobject.SQLRelationship  - Setting parent of null to Imported Keys folder of ps_employee_education
3000 [AWT-EventQueue-0] INFO  ca.sqlpower.sqlobject.SQLRelationship  - Setting parent of null to Exported Keys folder of ps_code_group
3000 [AWT-EventQueue-0] INFO  ca.sqlpower.sqlobject.SQLRelationship  - Setting parent of null to Imported Keys folder of ps_code
3000 [AWT-EventQueue-0] INFO  ca.sqlpower.sqlobject.SQLRelationship  - Setting parent of null to Exported Keys folder of ps_code_group
3000 [AWT-EventQueue-0] INFO  ca.sqlpower.sqlobject.SQLRelationship  - Setting parent of null to Imported Keys folder of ps_code_group
3000 [AWT-EventQueue-0] INFO  ca.sqlpower.sqlobject.SQLRelationship  - Setting parent of null to Exported Keys folder of ps_delivery_status_code
3000 [AWT-EventQueue-0] INFO  ca.sqlpower.sqlobject.SQLRelationship  - Setting parent of null to Imported Keys folder of ps_delivery
