[469 |main|INFO |o.r.c.n.r.BaseRTMPClientHandler] rtmp://fms.12E5.edgecastcdn.net:1935/0012E5
[934 |NioProcessor-2|WARN |o.r.c.n.r.RTMPMinaIoHandler] Exception caught org/springframework/util/concurrent/ListenableFutureCallback
[935 |NioProcessor-2|WARN |o.r.c.n.r.RTMPMinaIoHandler] Exception caught org/springframework/util/concurrent/ListenableFutureCallback
[367 |main|DEBUG|o.r.c.n.r.RTMPMinaIoHandler] Set handler: org.red5.client.net.rtmp.RTMPClient@7f26d3df
[372 |main|DEBUG|o.r.c.n.r.BaseRTMPClientHandler] connect server: fms.12E5.edgecastcdn.net port 1935 application 0012E5 connectCallback thirdstage.exercise.red5.case1.SimpleRtmpClient$1@4cc5aa00
[375 |main|DEBUG|o.r.c.n.r.BaseRTMPClientHandler] connect server: fms.12E5.edgecastcdn.net port 1935 connect - params: {objectEncoding=0, app=0012E5, flashVer=WIN 11,2,202,235, fpad=false, tcUrl=rtmp://fms.12E5.edgecastcdn.net:1935/0012E5, audioCodecs=3575, videoFunction=1, pageUrl=null, path=0012E5, capabilities=15, swfUrl=null, videoCodecs=252} callback: thirdstage.exercise.red5.case1.SimpleRtmpClient$1@4cc5aa00 args: null
[376 |main|INFO |o.r.c.n.r.BaseRTMPClientHandler] rtmp://fms.12E5.edgecastcdn.net:1935/0012E5
[798 |NioProcessor-2|DEBUG|o.r.c.n.r.RTMPMinaIoHandler] Session created
[840 |NioProcessor-2|DEBUG|o.r.s.BaseConnection] New BaseConnection - type: persistent
[842 |NioProcessor-2|DEBUG|o.r.s.BaseConnection] Generated session id: F9TY1OF3LM3GY
[862 |NioProcessor-2|INFO |o.s.s.c.ThreadPoolTaskExecutor] Initializing ExecutorService 
[1163|NioProcessor-2|DEBUG|o.r.c.n.r.RTMPMinaIoHandler] Session opened
[1163|NioProcessor-2|DEBUG|o.r.c.n.r.RTMPMinaIoHandler] Handshake - client phase 1
[1163|NioProcessor-2|DEBUG|o.r.s.n.r.RTMPHandshake] generateClientRequest1
[1163|NioProcessor-2|DEBUG|o.r.s.n.r.RTMPHandshake] Creating client handshake part 1 with keys/hashes
[1192|NioProcessor-2|DEBUG|o.r.s.n.r.RTMPHandshake] Public key: 121140984748098262756240816719554473105473984470275222080032955648257376874649260031775706911823031475437248546438584402734503082115598408626612276387589181994425717677987341085778635178305958738444879461877329648409703734225523042875375835908869909638442021073864498532944022398281261235219136983107823488988
[1203|NioProcessor-2|DEBUG|o.r.s.n.r.RTMPHandshake] Public key as bytes - length [129]: 00ac82af60a430afe8ede1622c0c465c31cba487c0101bc87679e234a90b732e19703bf8a30213ff8ed1f1dcdfb3142772d251d4e6cffd377962b2b0ca896c8004a2f37b8951019b19bfc86f3d2da81a2bc57a49c52898117570c152f52dcce503258564c5d22b692d30a5244d989fdb9c76c193275f1c37627d9db4e806784fdc
[1204|NioProcessor-2|DEBUG|o.r.s.n.r.RTMPHandshake] Truncated public key length to 128
[1204|NioProcessor-2|DEBUG|o.r.s.n.r.RTMPHandshake] Client public key: ac82af60a430afe8ede1622c0c465c31cba487c0101bc87679e234a90b732e19703bf8a30213ff8ed1f1dcdfb3142772d251d4e6cffd377962b2b0ca896c8004a2f37b8951019b19bfc86f3d2da81a2bc57a49c52898117570c152f52dcce503258564c5d22b692d30a5244d989fdb9c76c193275f1c37627d9db4e806784fdc
[1212|NioProcessor-2|DEBUG|o.r.c.n.r.RTMPMinaIoHandler] messageSent
[1212|NioProcessor-2|DEBUG|o.r.c.n.r.RTMPConnManager] Getting connection by session id: F9TY1OF3LM3GY
[337 |main|DEBUG|o.r.c.n.r.RTMPMinaIoHandler] Set handler: org.red5.client.net.rtmp.RTMPClient@7f26d3df
[341 |main|DEBUG|t.e.r.c.SimpleRtmpClient] Before connect
[341 |main|DEBUG|o.r.c.n.r.BaseRTMPClientHandler] connect server: fms.12E5.edgecastcdn.net port 1935 application 0012E5 connectCallback thirdstage.exercise.red5.case1.SimpleRtmpClient$1@4cc5aa00
[343 |main|DEBUG|o.r.c.n.r.BaseRTMPClientHandler] connect server: fms.12E5.edgecastcdn.net port 1935 connect - params: {objectEncoding=0, app=0012E5, flashVer=WIN 11,2,202,235, fpad=false, tcUrl=rtmp://fms.12E5.edgecastcdn.net:1935/0012E5, audioCodecs=3575, videoFunction=1, pageUrl=null, path=0012E5, capabilities=15, swfUrl=null, videoCodecs=252} callback: thirdstage.exercise.red5.case1.SimpleRtmpClient$1@4cc5aa00 args: null
[343 |main|INFO |o.r.c.n.r.BaseRTMPClientHandler] rtmp://fms.12E5.edgecastcdn.net:1935/0012E5
[615 |NioProcessor-2|DEBUG|o.r.c.n.r.RTMPMinaIoHandler] Session created
[658 |NioProcessor-2|DEBUG|o.r.s.BaseConnection] New BaseConnection - type: persistent
[659 |NioProcessor-2|DEBUG|o.r.s.BaseConnection] Generated session id: BR5VRRV7DVMN3
[677 |NioProcessor-2|INFO |o.s.s.c.ThreadPoolTaskExecutor] Initializing ExecutorService 
[1018|NioProcessor-2|DEBUG|o.r.c.n.r.RTMPMinaIoHandler] Session opened
[1019|NioProcessor-2|DEBUG|o.r.c.n.r.RTMPMinaIoHandler] Handshake - client phase 1
[1019|NioProcessor-2|DEBUG|o.r.s.n.r.RTMPHandshake] generateClientRequest1
[1019|NioProcessor-2|DEBUG|o.r.s.n.r.RTMPHandshake] Creating client handshake part 1 with keys/hashes
[1067|NioProcessor-2|DEBUG|o.r.s.n.r.RTMPHandshake] Public key: 34168052538144938759902490845977000658277078183250345421695826861639002182969622482637880011130309110608171448386132296297388729648849612482321464350396923114648462103803802145986779932583266037117884287194491753898749546616887754819483276326574757697517148955841487768265959932292769255336336562373102581607
[1078|NioProcessor-2|DEBUG|o.r.s.n.r.RTMPHandshake] Public key as bytes - length [128]: 30a82c08eeed1857624c7269c3cf0edf12b9a4cf687b43adcc534779a17e28897600bec64a3841a1d53d7ca6f7fe29ec467525044886d12caceac738a19dcb2594f68b9002c3b2359a2299bce279e36923e39c062e00f410895ccd75a6f0bfebcb4dcde8f1232ba22c3dc97f23bdd655fb6543161536894557f42bb6ab2ab767
[1078|NioProcessor-2|DEBUG|o.r.s.n.r.RTMPHandshake] Client public key: 30a82c08eeed1857624c7269c3cf0edf12b9a4cf687b43adcc534779a17e28897600bec64a3841a1d53d7ca6f7fe29ec467525044886d12caceac738a19dcb2594f68b9002c3b2359a2299bce279e36923e39c062e00f410895ccd75a6f0bfebcb4dcde8f1232ba22c3dc97f23bdd655fb6543161536894557f42bb6ab2ab767
[1098|NioProcessor-2|DEBUG|o.r.c.n.r.RTMPMinaIoHandler] messageSent
[1098|NioProcessor-2|DEBUG|o.r.c.n.r.RTMPConnManager] Getting connection by session id: BR5VRRV7DVMN3
[410 |main|DEBUG|o.r.c.n.r.RTMPMinaIoHandler] Set handler: thirdstage.exercise.red5.case1.SimpleRtmpClient$1@52c00025
[413 |main|DEBUG|t.e.r.c.SimpleRtmpClient] Before connect
[413 |main|DEBUG|o.r.c.n.r.BaseRTMPClientHandler] connect server: fms.12E5.edgecastcdn.net port 1935 application 0012E5 connectCallback thirdstage.exercise.red5.case1.SimpleRtmpClient$2@21c783c5
[415 |main|DEBUG|o.r.c.n.r.BaseRTMPClientHandler] connect server: fms.12E5.edgecastcdn.net port 1935 connect - params: {objectEncoding=0, app=0012E5, flashVer=WIN 11,2,202,235, fpad=false, tcUrl=rtmp://fms.12E5.edgecastcdn.net:1935/0012E5, audioCodecs=3575, videoFunction=1, pageUrl=null, path=0012E5, capabilities=15, swfUrl=null, videoCodecs=252} callback: thirdstage.exercise.red5.case1.SimpleRtmpClient$2@21c783c5 args: null
[415 |main|INFO |o.r.c.n.r.BaseRTMPClientHandler] rtmp://fms.12E5.edgecastcdn.net:1935/0012E5
[677 |NioProcessor-2|DEBUG|o.r.c.n.r.RTMPMinaIoHandler] Session created
[722 |NioProcessor-2|DEBUG|o.r.s.BaseConnection] New BaseConnection - type: persistent
[724 |NioProcessor-2|DEBUG|o.r.s.BaseConnection] Generated session id: INKEL3SAHCS53
[743 |NioProcessor-2|INFO |o.s.s.c.ThreadPoolTaskExecutor] Initializing ExecutorService 
[1047|NioProcessor-2|DEBUG|o.r.c.n.r.RTMPMinaIoHandler] Session opened
[1047|main|DEBUG|o.r.c.n.r.BaseRTMPClientHandler] disconnect
[1047|NioProcessor-2|DEBUG|o.r.c.n.r.RTMPMinaIoHandler] Handshake - client phase 1
[1047|main|DEBUG|o.r.s.n.r.RTMPConnection] close: INKEL3SAHCS53
[1047|NioProcessor-2|DEBUG|o.r.s.n.r.RTMPHandshake] generateClientRequest1
[1047|main|DEBUG|o.r.s.n.r.RTMPConnection] State: connect
[1048|NioProcessor-2|DEBUG|o.r.s.n.r.RTMPHandshake] Creating client handshake part 1 with keys/hashes
[1050|main|DEBUG|o.r.s.a.Red5] Set connection: INKEL3SAHCS53 with thread: main
[1050|main|DEBUG|o.r.s.a.Red5] Caller: org.red5.server.net.rtmp.RTMPConnection.close #793
[1054|main|DEBUG|o.r.s.n.r.RTMPConnection] Stream service was not found for scope: null or non-existant
[1054|main|DEBUG|o.r.s.BaseConnection] Close, not connected nothing to do
[1054|main|DEBUG|o.r.s.n.r.RTMPConnection] Shutting down executor
[1054|main|DEBUG|o.r.s.n.r.RTMPConnection] Executor - shutdown: true queued: 0
[1055|main|INFO |o.s.s.c.ThreadPoolTaskExecutor] Shutting down ExecutorService
[1055|main|DEBUG|o.r.s.n.r.RTMPMinaConnection] IO Session closing: false
[1055|main|DEBUG|o.r.s.n.r.RTMPMinaConnection] Connection close future: org.apache.mina.core.future.DefaultCloseFuture@491cc367
[1056|main|DEBUG|o.r.s.n.r.RTMPMinaConnection] Connection state: RTMP [state=disconnecting, encrypted=false, readChunkSize=128, writeChunkSize=128, encoding=AMF0]
[1056|main|DEBUG|o.r.c.n.r.BaseRTMPClientHandler] connectionClosed
[1056|main|DEBUG|o.r.s.n.r.BaseRTMPHandler] connectionClosed: INKEL3SAHCS53
[1062|main|DEBUG|t.e.r.c.SimpleRtmpClient] Connection closed
[1095|NioProcessor-2|DEBUG|o.r.s.n.r.RTMPHandshake] Public key: 166259175191350236568844399739353042981042032360566401336821635937659002172764843137744073135460799397947001766344436111606824529469513132413583720242915717917320837752814513987475711180688311874632744260413408036499462436876479986615716609459388340736633081993121925614389766081396875756768918794642657524071
[1103|NioProcessor-2|DEBUG|o.r.s.n.r.RTMPHandshake] Public key as bytes - length [129]: 00ecc2cbf1e14c134bb4516e8e4e86c5573e61af8432f0e5af03053852d633835116b55f2cd8d1d63352e1d99e9e1171ec6444e1ee901de3425c6898ffcb7f3c46a61502610856104323f25ab7b97e5dada9b798b24ef82d9f8c6620f0e7d817478dff6f5caf408abf5c7e96a955d8de0bb01d62c5aed391119ccd99ee10a23967
[1103|NioProcessor-2|DEBUG|o.r.s.n.r.RTMPHandshake] Truncated public key length to 128
[1104|NioProcessor-2|DEBUG|o.r.s.n.r.RTMPHandshake] Client public key: ecc2cbf1e14c134bb4516e8e4e86c5573e61af8432f0e5af03053852d633835116b55f2cd8d1d63352e1d99e9e1171ec6444e1ee901de3425c6898ffcb7f3c46a61502610856104323f25ab7b97e5dada9b798b24ef82d9f8c6620f0e7d817478dff6f5caf408abf5c7e96a955d8de0bb01d62c5aed391119ccd99ee10a23967
[1112|NioProcessor-2|DEBUG|o.r.s.n.r.RTMPMinaConnection] Connection is closed
[1112|NioProcessor-2|WARN |o.r.s.n.r.RTMPConnManager] Connection not found for INKEL3SAHCS53
[1114|NioProcessor-2|DEBUG|o.r.c.n.r.RTMPMinaIoHandler] Session closed
[1114|NioProcessor-2|DEBUG|o.r.c.n.r.RTMPMinaIoHandler] Connections session id was null in session, may already be closed
[457 |main|DEBUG|o.r.c.n.r.RTMPMinaIoHandler] Set handler: thirdstage.exercise.red5.case1.SimpleRtmpClient$1@1e5bd978
[461 |main|DEBUG|t.e.r.c.SimpleRtmpClient] Before connect
[461 |main|DEBUG|o.r.c.n.r.BaseRTMPClientHandler] connect server: fms.12E5.edgecastcdn.net port 1935 application 0012E5 connectCallback thirdstage.exercise.red5.case1.SimpleRtmpClient$2@445ed853
[463 |main|DEBUG|o.r.c.n.r.BaseRTMPClientHandler] connect server: fms.12E5.edgecastcdn.net port 1935 connect - params: {objectEncoding=0, app=0012E5, flashVer=WIN 11,2,202,235, fpad=false, tcUrl=rtmp://fms.12E5.edgecastcdn.net:1935/0012E5, audioCodecs=3575, videoFunction=1, pageUrl=null, path=0012E5, capabilities=15, swfUrl=null, videoCodecs=252} callback: thirdstage.exercise.red5.case1.SimpleRtmpClient$2@445ed853 args: null
[463 |main|INFO |o.r.c.n.r.BaseRTMPClientHandler] rtmp://fms.12E5.edgecastcdn.net:1935/0012E5
[731 |NioProcessor-2|DEBUG|o.r.c.n.r.RTMPMinaIoHandler] Session created
[786 |NioProcessor-2|DEBUG|o.r.s.BaseConnection] New BaseConnection - type: persistent
[787 |NioProcessor-2|DEBUG|o.r.s.BaseConnection] Generated session id: YEZ4DJXZBBRAN
[813 |NioProcessor-2|INFO |o.s.s.c.ThreadPoolTaskExecutor] Initializing ExecutorService 
[1171|NioProcessor-2|DEBUG|o.r.c.n.r.RTMPMinaIoHandler] Session opened
[1172|NioProcessor-2|DEBUG|o.r.c.n.r.RTMPMinaIoHandler] Handshake - client phase 1
[1172|NioProcessor-2|DEBUG|o.r.s.n.r.RTMPHandshake] generateClientRequest1
[1172|NioProcessor-2|DEBUG|o.r.s.n.r.RTMPHandshake] Creating client handshake part 1 with keys/hashes
[1178|main|DEBUG|o.r.c.n.r.BaseRTMPClientHandler] disconnect
[1178|main|DEBUG|o.r.s.n.r.RTMPConnection] close: YEZ4DJXZBBRAN
[1178|main|DEBUG|o.r.s.n.r.RTMPConnection] State: connect
[1182|main|DEBUG|o.r.s.a.Red5] Set connection: YEZ4DJXZBBRAN with thread: main
[1182|main|DEBUG|o.r.s.a.Red5] Caller: org.red5.server.net.rtmp.RTMPConnection.close #793
[1185|main|DEBUG|o.r.s.n.r.RTMPConnection] Stream service was not found for scope: null or non-existant
[1185|main|DEBUG|o.r.s.BaseConnection] Close, not connected nothing to do
[1185|main|DEBUG|o.r.s.n.r.RTMPConnection] Shutting down executor
[1185|main|DEBUG|o.r.s.n.r.RTMPConnection] Executor - shutdown: true queued: 0
[1185|main|INFO |o.s.s.c.ThreadPoolTaskExecutor] Shutting down ExecutorService
[1186|main|DEBUG|o.r.s.n.r.RTMPMinaConnection] IO Session closing: false
[1186|main|DEBUG|o.r.s.n.r.RTMPMinaConnection] Connection close future: org.apache.mina.core.future.DefaultCloseFuture@40ad8bb4
[1187|main|DEBUG|o.r.s.n.r.RTMPMinaConnection] Connection state: RTMP [state=disconnecting, encrypted=false, readChunkSize=128, writeChunkSize=128, encoding=AMF0]
[1187|main|DEBUG|o.r.c.n.r.BaseRTMPClientHandler] connectionClosed
[1187|main|DEBUG|o.r.s.n.r.BaseRTMPHandler] connectionClosed: YEZ4DJXZBBRAN
[1193|main|DEBUG|t.e.r.c.SimpleRtmpClient] Connection closed
[1206|NioProcessor-2|DEBUG|o.r.s.n.r.RTMPHandshake] Public key: 22693271994118042275557408679571939871939868192786771350663853783821424739542125642145178506548392645647265534325304372236670983312479616605388688409058188153664838635475171843036106503577918674042732243902108146022153571293802491679134383114416119053017797898783553319680368426646226686057509678920203717517
[1213|NioProcessor-2|DEBUG|o.r.s.n.r.RTMPHandshake] Public key as bytes - length [128]: 2050f883813e1da0058b9c9fbee58525db68c749f8a551892cfd47f17010d993a6c4dfe6d09c926795a15c7f98817b4251d96e3c05b052d03c6a8427b5b410c52218aad26e2c509f062f2eea9eafb4745c0727d22827cdd4ac798053c5578fc78fca8fb5fde6a8a944df5673e1456da30495b2d0c3983566180a8e29f4434b8d
[1214|NioProcessor-2|DEBUG|o.r.s.n.r.RTMPHandshake] Client public key: 2050f883813e1da0058b9c9fbee58525db68c749f8a551892cfd47f17010d993a6c4dfe6d09c926795a15c7f98817b4251d96e3c05b052d03c6a8427b5b410c52218aad26e2c509f062f2eea9eafb4745c0727d22827cdd4ac798053c5578fc78fca8fb5fde6a8a944df5673e1456da30495b2d0c3983566180a8e29f4434b8d
[1221|NioProcessor-2|DEBUG|o.r.s.n.r.RTMPMinaConnection] Connection is closed
[1222|NioProcessor-2|WARN |o.r.s.n.r.RTMPConnManager] Connection not found for YEZ4DJXZBBRAN
[1223|NioProcessor-2|DEBUG|o.r.c.n.r.RTMPMinaIoHandler] Session closed
[1223|NioProcessor-2|DEBUG|o.r.c.n.r.RTMPMinaIoHandler] Connections session id was null in session, may already be closed
[436 |main|DEBUG|o.r.c.n.r.RTMPMinaIoHandler] Set handler: thirdstage.exercise.red5.case1.SimpleRtmpClient$1@202264da
[441 |main|DEBUG|t.e.r.c.SimpleRtmpClient] Before connect
[441 |main|DEBUG|o.r.c.n.r.BaseRTMPClientHandler] connect server: fms.12E5.edgecastcdn.net port 1935 application 0012E5 connectCallback thirdstage.exercise.red5.case1.SimpleRtmpClient$2@2ecc5436
[443 |main|DEBUG|o.r.c.n.r.BaseRTMPClientHandler] connect server: fms.12E5.edgecastcdn.net port 1935 connect - params: {objectEncoding=0, app=0012E5, flashVer=WIN 11,2,202,235, fpad=false, tcUrl=rtmp://fms.12E5.edgecastcdn.net:1935/0012E5, audioCodecs=3575, videoFunction=1, pageUrl=null, path=0012E5, capabilities=15, swfUrl=null, videoCodecs=252} callback: thirdstage.exercise.red5.case1.SimpleRtmpClient$2@2ecc5436 args: null
[443 |main|INFO |o.r.c.n.r.BaseRTMPClientHandler] rtmp://fms.12E5.edgecastcdn.net:1935/0012E5
[687 |NioProcessor-2|DEBUG|o.r.c.n.r.RTMPMinaIoHandler] Session created
[730 |NioProcessor-2|DEBUG|o.r.s.BaseConnection] New BaseConnection - type: persistent
[731 |NioProcessor-2|DEBUG|o.r.s.BaseConnection] Generated session id: Q8Y9DJTM4P0KW
[749 |NioProcessor-2|INFO |o.s.s.c.ThreadPoolTaskExecutor] Initializing ExecutorService 
[1062|NioProcessor-2|DEBUG|o.r.c.n.r.RTMPMinaIoHandler] Session opened
[1062|NioProcessor-2|DEBUG|o.r.c.n.r.RTMPMinaIoHandler] Handshake - client phase 1
[1062|main|DEBUG|o.r.c.n.r.BaseRTMPClientHandler] disconnect
[1062|NioProcessor-2|DEBUG|o.r.s.n.r.RTMPHandshake] generateClientRequest1
[1062|main|DEBUG|o.r.s.n.r.RTMPConnection] close: Q8Y9DJTM4P0KW
[1062|NioProcessor-2|DEBUG|o.r.s.n.r.RTMPHandshake] Creating client handshake part 1 with keys/hashes
[1063|main|DEBUG|o.r.s.n.r.RTMPConnection] State: connect
[1065|main|DEBUG|o.r.s.a.Red5] Set connection: Q8Y9DJTM4P0KW with thread: main
[1065|main|DEBUG|o.r.s.a.Red5] Caller: org.red5.server.net.rtmp.RTMPConnection.close #793
[1068|main|DEBUG|o.r.s.n.r.RTMPConnection] Stream service was not found for scope: null or non-existant
[1068|main|DEBUG|o.r.s.BaseConnection] Close, not connected nothing to do
[1068|main|DEBUG|o.r.s.n.r.RTMPConnection] Shutting down executor
[1068|main|DEBUG|o.r.s.n.r.RTMPConnection] Executor - shutdown: true queued: 0
[1068|main|INFO |o.s.s.c.ThreadPoolTaskExecutor] Shutting down ExecutorService
[1068|main|DEBUG|o.r.s.n.r.RTMPMinaConnection] IO Session closing: false
[1069|main|DEBUG|o.r.s.n.r.RTMPMinaConnection] Connection close future: org.apache.mina.core.future.DefaultCloseFuture@77def3f5
[1069|main|DEBUG|o.r.s.n.r.RTMPMinaConnection] Connection state: RTMP [state=disconnecting, encrypted=false, readChunkSize=128, writeChunkSize=128, encoding=AMF0]
[1069|main|DEBUG|o.r.c.n.r.BaseRTMPClientHandler] connectionClosed
[1069|main|DEBUG|o.r.s.n.r.BaseRTMPHandler] connectionClosed: Q8Y9DJTM4P0KW
[1074|main|DEBUG|t.e.r.c.SimpleRtmpClient] Connection closed
[1094|NioProcessor-2|DEBUG|o.r.s.n.r.RTMPHandshake] Public key: 167382881586773832274485071356498237739331820709794899901455085414276980863667662952614619868097472579467838886818764685479013437382211236208823821404687836305334682412002246229200297024291603876969795595086508787376489962475287738776895640893505290594777214888401161520092581082891929900171788582730036002666
[1101|NioProcessor-2|DEBUG|o.r.s.n.r.RTMPHandshake] Public key as bytes - length [129]: 00ee5c735fe055d7b6223349a4ee5032aa9d065d3fe55b2f8fafd853b39e216d7217dde6716682722d36b6e96dec254fd14a7431016b15502a313ee6a6b3dbe52095bfb5ac2e38777a4e0bdaab168b10f2070f2de51ec13e62ce065017b25c3889fe897d4ce598b4abaab4ea5285d7217b601d8b7380fc2d1d9170443f4f19bf6a
[1101|NioProcessor-2|DEBUG|o.r.s.n.r.RTMPHandshake] Truncated public key length to 128
[1101|NioProcessor-2|DEBUG|o.r.s.n.r.RTMPHandshake] Client public key: ee5c735fe055d7b6223349a4ee5032aa9d065d3fe55b2f8fafd853b39e216d7217dde6716682722d36b6e96dec254fd14a7431016b15502a313ee6a6b3dbe52095bfb5ac2e38777a4e0bdaab168b10f2070f2de51ec13e62ce065017b25c3889fe897d4ce598b4abaab4ea5285d7217b601d8b7380fc2d1d9170443f4f19bf6a
[1109|NioProcessor-2|DEBUG|o.r.s.n.r.RTMPMinaConnection] Connection is closed
[1110|NioProcessor-2|WARN |o.r.s.n.r.RTMPConnManager] Connection not found for Q8Y9DJTM4P0KW
[1112|NioProcessor-2|DEBUG|o.r.c.n.r.RTMPMinaIoHandler] Session closed
[1112|NioProcessor-2|DEBUG|o.r.c.n.r.RTMPMinaIoHandler] Connections session id was null in session, may already be closed
[377 |main|DEBUG|o.r.c.n.r.RTMPMinaIoHandler] Set handler: thirdstage.exercise.red5.case1.SimpleRtmpClient$1@320b34b1
[384 |main|DEBUG|t.e.r.c.SimpleRtmpClient] Before connect
[384 |main|DEBUG|o.r.c.n.r.BaseRTMPClientHandler] connect server: fms.12E5.edgecastcdn.net port 1935 application 0012E5 connectCallback thirdstage.exercise.red5.case1.SimpleRtmpClient$2@24bb6086
[387 |main|DEBUG|o.r.c.n.r.BaseRTMPClientHandler] connect server: fms.12E5.edgecastcdn.net port 1935 connect - params: {objectEncoding=0, app=0012E5, flashVer=WIN 11,2,202,235, fpad=false, tcUrl=rtmp://fms.12E5.edgecastcdn.net:1935/0012E5, audioCodecs=3575, videoFunction=1, pageUrl=null, path=0012E5, capabilities=15, swfUrl=null, videoCodecs=252} callback: thirdstage.exercise.red5.case1.SimpleRtmpClient$2@24bb6086 args: null
[387 |main|INFO |o.r.c.n.r.BaseRTMPClientHandler] rtmp://fms.12E5.edgecastcdn.net:1935/0012E5
[626 |NioProcessor-2|DEBUG|o.r.c.n.r.RTMPMinaIoHandler] Session created
[665 |NioProcessor-2|DEBUG|o.r.s.BaseConnection] New BaseConnection - type: persistent
[667 |NioProcessor-2|DEBUG|o.r.s.BaseConnection] Generated session id: WSUAFZ8NHUPC0
[689 |NioProcessor-2|INFO |o.s.s.c.ThreadPoolTaskExecutor] Initializing ExecutorService 
[1019|NioProcessor-2|DEBUG|o.r.c.n.r.RTMPMinaIoHandler] Session opened
[1019|NioProcessor-2|DEBUG|o.r.c.n.r.RTMPMinaIoHandler] Handshake - client phase 1
[1020|NioProcessor-2|DEBUG|o.r.s.n.r.RTMPHandshake] generateClientRequest1
[1020|NioProcessor-2|DEBUG|o.r.s.n.r.RTMPHandshake] Creating client handshake part 1 with keys/hashes
[1020|main|DEBUG|o.r.c.n.r.BaseRTMPClientHandler] disconnect
[1020|main|DEBUG|o.r.s.n.r.RTMPConnection] close: WSUAFZ8NHUPC0
[1020|main|DEBUG|o.r.s.n.r.RTMPConnection] State: connect
[1022|main|DEBUG|o.r.s.a.Red5] Set connection: WSUAFZ8NHUPC0 with thread: main
[1022|main|DEBUG|o.r.s.a.Red5] Caller: org.red5.server.net.rtmp.RTMPConnection.close #793
[1026|main|DEBUG|o.r.s.n.r.RTMPConnection] Stream service was not found for scope: null or non-existant
[1026|main|DEBUG|o.r.s.BaseConnection] Close, not connected nothing to do
[1026|main|DEBUG|o.r.s.n.r.RTMPConnection] Shutting down executor
[1027|main|DEBUG|o.r.s.n.r.RTMPConnection] Executor - shutdown: true queued: 0
[1027|main|INFO |o.s.s.c.ThreadPoolTaskExecutor] Shutting down ExecutorService
[1027|main|DEBUG|o.r.s.n.r.RTMPMinaConnection] IO Session closing: false
[1027|main|DEBUG|o.r.s.n.r.RTMPMinaConnection] Connection close future: org.apache.mina.core.future.DefaultCloseFuture@38002f54
[1027|main|DEBUG|o.r.s.n.r.RTMPMinaConnection] Connection state: RTMP [state=disconnecting, encrypted=false, readChunkSize=128, writeChunkSize=128, encoding=AMF0]
[1028|main|DEBUG|o.r.c.n.r.BaseRTMPClientHandler] connectionClosed
[1028|main|DEBUG|o.r.s.n.r.BaseRTMPHandler] connectionClosed: WSUAFZ8NHUPC0
[1044|NioProcessor-2|DEBUG|o.r.s.n.r.RTMPHandshake] Public key: 60731736451107302800119553046541105100372569023334847404821782482902902973776624401130401659485670862776649750116630958178816118485828265542660713264131067179125772244890780710425436692582890434882532182056130764696025713737759360976471949977207590484634401197005750210156948229617212114004759947391187347862
[1048|NioProcessor-2|DEBUG|o.r.s.n.r.RTMPHandshake] Public key as bytes - length [128]: 567c20030794af2005acb5c22904c2877c4799b61da6773579b82d1947d483fce5d8b18fe275b0f1b52f25aebf8d8fb42cd11292fa03248a1c62fc4c5c6ef8b96b57f4430d53884d0fa3fb73bf3399e3dd5812a143e6a4c0c982aafdc23e677d73fb8946306e90195e522f3ac8681d17a956605600a5bb96186cd2f3b884e996
[1048|NioProcessor-2|DEBUG|o.r.s.n.r.RTMPHandshake] Client public key: 567c20030794af2005acb5c22904c2877c4799b61da6773579b82d1947d483fce5d8b18fe275b0f1b52f25aebf8d8fb42cd11292fa03248a1c62fc4c5c6ef8b96b57f4430d53884d0fa3fb73bf3399e3dd5812a143e6a4c0c982aafdc23e677d73fb8946306e90195e522f3ac8681d17a956605600a5bb96186cd2f3b884e996
[1053|NioProcessor-2|DEBUG|o.r.s.n.r.RTMPMinaConnection] Connection is closed
[1053|NioProcessor-2|WARN |o.r.s.n.r.RTMPConnManager] Connection not found for WSUAFZ8NHUPC0
[1054|NioProcessor-2|DEBUG|o.r.c.n.r.RTMPMinaIoHandler] Session closed
[1054|NioProcessor-2|DEBUG|o.r.c.n.r.RTMPMinaIoHandler] Connections session id was null in session, may already be closed
[8034|ConnectionChecker-1|DEBUG|o.r.s.n.r.RTMPConnManager] Checking 0 connections
[12506|main|DEBUG|t.e.r.c.SimpleRtmpClient] Connection closed
